2016年  2月 26日 金曜日 17:08:32 JST
time rake sample
time python3 -u ../1_collect.py rail ../data/ironnews/rail.txt tmp/categorized_rail.msgpack
category = rail
infile   = ../data/ironnews/rail.txt
outfile  = tmp/categorized_rail.msgpack
loading...
processing...
dumping...
ok
0.07user 0.00system 0:00.07elapsed 98%CPU (0avgtext+0avgdata 11132maxresident)k
0inputs+952outputs (0major+1627minor)pagefaults 0swaps
time python3 -u ../1_collect.py other ../data/ironnews/other.txt tmp/categorized_other.msgpack
category = other
infile   = ../data/ironnews/other.txt
outfile  = tmp/categorized_other.msgpack
loading...
processing...
dumping...
ok
0.70user 0.03system 0:00.78elapsed 95%CPU (0avgtext+0avgdata 59752maxresident)k
0inputs+20088outputs (0major+13904minor)pagefaults 0swaps
time python3 -u ../2_merge.py tmp/categorized_rail.msgpack tmp/categorized_other.msgpack tmp/categorized.msgpack
infile1 = tmp/categorized_rail.msgpack
infile2 = tmp/categorized_other.msgpack
outfile = tmp/categorized.msgpack
loading...
processing...
in_records1.len = 6321
in_records2.len = 131069
out_records.len = 137390
dumping...
ok
0.52user 0.07system 0:00.65elapsed 90%CPU (0avgtext+0avgdata 69388maxresident)k
0inputs+21032outputs (0major+18921minor)pagefaults 0swaps
time python3 -u ../3_tokenize.py tmp/categorized.msgpack tmp/tokenized.msgpack
infile   = tmp/categorized.msgpack
outfile  = tmp/tokenized.msgpack
loading...
tokenize...
0/137390
100/137390
200/137390
300/137390
400/137390
500/137390
600/137390
700/137390
800/137390
900/137390
1000/137390
1100/137390
1200/137390
1300/137390
1400/137390
1500/137390
1600/137390
1700/137390
1800/137390
1900/137390
2000/137390
2100/137390
2200/137390
2300/137390
2400/137390
2500/137390
2600/137390
2700/137390
2800/137390
2900/137390
3000/137390
3100/137390
3200/137390
3300/137390
3400/137390
3500/137390
3600/137390
3700/137390
3800/137390
3900/137390
4000/137390
4100/137390
4200/137390
4300/137390
4400/137390
4500/137390
4600/137390
4700/137390
4800/137390
4900/137390
5000/137390
5100/137390
5200/137390
5300/137390
5400/137390
5500/137390
5600/137390
5700/137390
5800/137390
5900/137390
6000/137390
6100/137390
6200/137390
6300/137390
6400/137390
6500/137390
6600/137390
6700/137390
6800/137390
6900/137390
7000/137390
7100/137390
7200/137390
7300/137390
7400/137390
7500/137390
7600/137390
7700/137390
7800/137390
7900/137390
8000/137390
8100/137390
8200/137390
8300/137390
8400/137390
8500/137390
8600/137390
8700/137390
8800/137390
8900/137390
9000/137390
9100/137390
9200/137390
9300/137390
9400/137390
9500/137390
9600/137390
9700/137390
9800/137390
9900/137390
10000/137390
10100/137390
10200/137390
10300/137390
10400/137390
10500/137390
10600/137390
10700/137390
10800/137390
10900/137390
11000/137390
11100/137390
11200/137390
11300/137390
11400/137390
11500/137390
11600/137390
11700/137390
11800/137390
11900/137390
12000/137390
12100/137390
12200/137390
12300/137390
12400/137390
12500/137390
12600/137390
12700/137390
12800/137390
12900/137390
13000/137390
13100/137390
13200/137390
13300/137390
13400/137390
13500/137390
13600/137390
13700/137390
13800/137390
13900/137390
14000/137390
14100/137390
14200/137390
14300/137390
14400/137390
14500/137390
14600/137390
14700/137390
14800/137390
14900/137390
15000/137390
15100/137390
15200/137390
15300/137390
15400/137390
15500/137390
15600/137390
15700/137390
15800/137390
15900/137390
16000/137390
16100/137390
16200/137390
16300/137390
16400/137390
16500/137390
16600/137390
16700/137390
16800/137390
16900/137390
17000/137390
17100/137390
17200/137390
17300/137390
17400/137390
17500/137390
17600/137390
17700/137390
17800/137390
17900/137390
18000/137390
18100/137390
18200/137390
18300/137390
18400/137390
18500/137390
18600/137390
18700/137390
18800/137390
18900/137390
19000/137390
19100/137390
19200/137390
19300/137390
19400/137390
19500/137390
19600/137390
19700/137390
19800/137390
19900/137390
20000/137390
20100/137390
20200/137390
20300/137390
20400/137390
20500/137390
20600/137390
20700/137390
20800/137390
20900/137390
21000/137390
21100/137390
21200/137390
21300/137390
21400/137390
21500/137390
21600/137390
21700/137390
21800/137390
21900/137390
22000/137390
22100/137390
22200/137390
22300/137390
22400/137390
22500/137390
22600/137390
22700/137390
22800/137390
22900/137390
23000/137390
23100/137390
23200/137390
23300/137390
23400/137390
23500/137390
23600/137390
23700/137390
23800/137390
23900/137390
24000/137390
24100/137390
24200/137390
24300/137390
24400/137390
24500/137390
24600/137390
24700/137390
24800/137390
24900/137390
25000/137390
25100/137390
25200/137390
25300/137390
25400/137390
25500/137390
25600/137390
25700/137390
25800/137390
25900/137390
26000/137390
26100/137390
26200/137390
26300/137390
26400/137390
26500/137390
26600/137390
26700/137390
26800/137390
26900/137390
27000/137390
27100/137390
27200/137390
27300/137390
27400/137390
27500/137390
27600/137390
27700/137390
27800/137390
27900/137390
28000/137390
28100/137390
28200/137390
28300/137390
28400/137390
28500/137390
28600/137390
28700/137390
28800/137390
28900/137390
29000/137390
29100/137390
29200/137390
29300/137390
29400/137390
29500/137390
29600/137390
29700/137390
29800/137390
29900/137390
30000/137390
30100/137390
30200/137390
30300/137390
30400/137390
30500/137390
30600/137390
30700/137390
30800/137390
30900/137390
31000/137390
31100/137390
31200/137390
31300/137390
31400/137390
31500/137390
31600/137390
31700/137390
31800/137390
31900/137390
32000/137390
32100/137390
32200/137390
32300/137390
32400/137390
32500/137390
32600/137390
32700/137390
32800/137390
32900/137390
33000/137390
33100/137390
33200/137390
33300/137390
33400/137390
33500/137390
33600/137390
33700/137390
33800/137390
33900/137390
34000/137390
34100/137390
34200/137390
34300/137390
34400/137390
34500/137390
34600/137390
34700/137390
34800/137390
34900/137390
35000/137390
35100/137390
35200/137390
35300/137390
35400/137390
35500/137390
35600/137390
35700/137390
35800/137390
35900/137390
36000/137390
36100/137390
36200/137390
36300/137390
36400/137390
36500/137390
36600/137390
36700/137390
36800/137390
36900/137390
37000/137390
37100/137390
37200/137390
37300/137390
37400/137390
37500/137390
37600/137390
37700/137390
37800/137390
37900/137390
38000/137390
38100/137390
38200/137390
38300/137390
38400/137390
38500/137390
38600/137390
38700/137390
38800/137390
38900/137390
39000/137390
39100/137390
39200/137390
39300/137390
39400/137390
39500/137390
39600/137390
39700/137390
39800/137390
39900/137390
40000/137390
40100/137390
40200/137390
40300/137390
40400/137390
40500/137390
40600/137390
40700/137390
40800/137390
40900/137390
41000/137390
41100/137390
41200/137390
41300/137390
41400/137390
41500/137390
41600/137390
41700/137390
41800/137390
41900/137390
42000/137390
42100/137390
42200/137390
42300/137390
42400/137390
42500/137390
42600/137390
42700/137390
42800/137390
42900/137390
43000/137390
43100/137390
43200/137390
43300/137390
43400/137390
43500/137390
43600/137390
43700/137390
43800/137390
43900/137390
44000/137390
44100/137390
44200/137390
44300/137390
44400/137390
44500/137390
44600/137390
44700/137390
44800/137390
44900/137390
45000/137390
45100/137390
45200/137390
45300/137390
45400/137390
45500/137390
45600/137390
45700/137390
45800/137390
45900/137390
46000/137390
46100/137390
46200/137390
46300/137390
46400/137390
46500/137390
46600/137390
46700/137390
46800/137390
46900/137390
47000/137390
47100/137390
47200/137390
47300/137390
47400/137390
47500/137390
47600/137390
47700/137390
47800/137390
47900/137390
48000/137390
48100/137390
48200/137390
48300/137390
48400/137390
48500/137390
48600/137390
48700/137390
48800/137390
48900/137390
49000/137390
49100/137390
49200/137390
49300/137390
49400/137390
49500/137390
49600/137390
49700/137390
49800/137390
49900/137390
50000/137390
50100/137390
50200/137390
50300/137390
50400/137390
50500/137390
50600/137390
50700/137390
50800/137390
50900/137390
51000/137390
51100/137390
51200/137390
51300/137390
51400/137390
51500/137390
51600/137390
51700/137390
51800/137390
51900/137390
52000/137390
52100/137390
52200/137390
52300/137390
52400/137390
52500/137390
52600/137390
52700/137390
52800/137390
52900/137390
53000/137390
53100/137390
53200/137390
53300/137390
53400/137390
53500/137390
53600/137390
53700/137390
53800/137390
53900/137390
54000/137390
54100/137390
54200/137390
54300/137390
54400/137390
54500/137390
54600/137390
54700/137390
54800/137390
54900/137390
55000/137390
55100/137390
55200/137390
55300/137390
55400/137390
55500/137390
55600/137390
55700/137390
55800/137390
55900/137390
56000/137390
56100/137390
56200/137390
56300/137390
56400/137390
56500/137390
56600/137390
56700/137390
56800/137390
56900/137390
57000/137390
57100/137390
57200/137390
57300/137390
57400/137390
57500/137390
57600/137390
57700/137390
57800/137390
57900/137390
58000/137390
58100/137390
58200/137390
58300/137390
58400/137390
58500/137390
58600/137390
58700/137390
58800/137390
58900/137390
59000/137390
59100/137390
59200/137390
59300/137390
59400/137390
59500/137390
59600/137390
59700/137390
59800/137390
59900/137390
60000/137390
60100/137390
60200/137390
60300/137390
60400/137390
60500/137390
60600/137390
60700/137390
60800/137390
60900/137390
61000/137390
61100/137390
61200/137390
61300/137390
61400/137390
61500/137390
61600/137390
61700/137390
61800/137390
61900/137390
62000/137390
62100/137390
62200/137390
62300/137390
62400/137390
62500/137390
62600/137390
62700/137390
62800/137390
62900/137390
63000/137390
63100/137390
63200/137390
63300/137390
63400/137390
63500/137390
63600/137390
63700/137390
63800/137390
63900/137390
64000/137390
64100/137390
64200/137390
64300/137390
64400/137390
64500/137390
64600/137390
64700/137390
64800/137390
64900/137390
65000/137390
65100/137390
65200/137390
65300/137390
65400/137390
65500/137390
65600/137390
65700/137390
65800/137390
65900/137390
66000/137390
66100/137390
66200/137390
66300/137390
66400/137390
66500/137390
66600/137390
66700/137390
66800/137390
66900/137390
67000/137390
67100/137390
67200/137390
67300/137390
67400/137390
67500/137390
67600/137390
67700/137390
67800/137390
67900/137390
68000/137390
68100/137390
68200/137390
68300/137390
68400/137390
68500/137390
68600/137390
68700/137390
68800/137390
68900/137390
69000/137390
69100/137390
69200/137390
69300/137390
69400/137390
69500/137390
69600/137390
69700/137390
69800/137390
69900/137390
70000/137390
70100/137390
70200/137390
70300/137390
70400/137390
70500/137390
70600/137390
70700/137390
70800/137390
70900/137390
71000/137390
71100/137390
71200/137390
71300/137390
71400/137390
71500/137390
71600/137390
71700/137390
71800/137390
71900/137390
72000/137390
72100/137390
72200/137390
72300/137390
72400/137390
72500/137390
72600/137390
72700/137390
72800/137390
72900/137390
73000/137390
73100/137390
73200/137390
73300/137390
73400/137390
73500/137390
73600/137390
73700/137390
73800/137390
73900/137390
74000/137390
74100/137390
74200/137390
74300/137390
74400/137390
74500/137390
74600/137390
74700/137390
74800/137390
74900/137390
75000/137390
75100/137390
75200/137390
75300/137390
75400/137390
75500/137390
75600/137390
75700/137390
75800/137390
75900/137390
76000/137390
76100/137390
76200/137390
76300/137390
76400/137390
76500/137390
76600/137390
76700/137390
76800/137390
76900/137390
77000/137390
77100/137390
77200/137390
77300/137390
77400/137390
77500/137390
77600/137390
77700/137390
77800/137390
77900/137390
78000/137390
78100/137390
78200/137390
78300/137390
78400/137390
78500/137390
78600/137390
78700/137390
78800/137390
78900/137390
79000/137390
79100/137390
79200/137390
79300/137390
79400/137390
79500/137390
79600/137390
79700/137390
79800/137390
79900/137390
80000/137390
80100/137390
80200/137390
80300/137390
80400/137390
80500/137390
80600/137390
80700/137390
80800/137390
80900/137390
81000/137390
81100/137390
81200/137390
81300/137390
81400/137390
81500/137390
81600/137390
81700/137390
81800/137390
81900/137390
82000/137390
82100/137390
82200/137390
82300/137390
82400/137390
82500/137390
82600/137390
82700/137390
82800/137390
82900/137390
83000/137390
83100/137390
83200/137390
83300/137390
83400/137390
83500/137390
83600/137390
83700/137390
83800/137390
83900/137390
84000/137390
84100/137390
84200/137390
84300/137390
84400/137390
84500/137390
84600/137390
84700/137390
84800/137390
84900/137390
85000/137390
85100/137390
85200/137390
85300/137390
85400/137390
85500/137390
85600/137390
85700/137390
85800/137390
85900/137390
86000/137390
86100/137390
86200/137390
86300/137390
86400/137390
86500/137390
86600/137390
86700/137390
86800/137390
86900/137390
87000/137390
87100/137390
87200/137390
87300/137390
87400/137390
87500/137390
87600/137390
87700/137390
87800/137390
87900/137390
88000/137390
88100/137390
88200/137390
88300/137390
88400/137390
88500/137390
88600/137390
88700/137390
88800/137390
88900/137390
89000/137390
89100/137390
89200/137390
89300/137390
89400/137390
89500/137390
89600/137390
89700/137390
89800/137390
89900/137390
90000/137390
90100/137390
90200/137390
90300/137390
90400/137390
90500/137390
90600/137390
90700/137390
90800/137390
90900/137390
91000/137390
91100/137390
91200/137390
91300/137390
91400/137390
91500/137390
91600/137390
91700/137390
91800/137390
91900/137390
92000/137390
92100/137390
92200/137390
92300/137390
92400/137390
92500/137390
92600/137390
92700/137390
92800/137390
92900/137390
93000/137390
93100/137390
93200/137390
93300/137390
93400/137390
93500/137390
93600/137390
93700/137390
93800/137390
93900/137390
94000/137390
94100/137390
94200/137390
94300/137390
94400/137390
94500/137390
94600/137390
94700/137390
94800/137390
94900/137390
95000/137390
95100/137390
95200/137390
95300/137390
95400/137390
95500/137390
95600/137390
95700/137390
95800/137390
95900/137390
96000/137390
96100/137390
96200/137390
96300/137390
96400/137390
96500/137390
96600/137390
96700/137390
96800/137390
96900/137390
97000/137390
97100/137390
97200/137390
97300/137390
97400/137390
97500/137390
97600/137390
97700/137390
97800/137390
97900/137390
98000/137390
98100/137390
98200/137390
98300/137390
98400/137390
98500/137390
98600/137390
98700/137390
98800/137390
98900/137390
99000/137390
99100/137390
99200/137390
99300/137390
99400/137390
99500/137390
99600/137390
99700/137390
99800/137390
99900/137390
100000/137390
100100/137390
100200/137390
100300/137390
100400/137390
100500/137390
100600/137390
100700/137390
100800/137390
100900/137390
101000/137390
101100/137390
101200/137390
101300/137390
101400/137390
101500/137390
101600/137390
101700/137390
101800/137390
101900/137390
102000/137390
102100/137390
102200/137390
102300/137390
102400/137390
102500/137390
102600/137390
102700/137390
102800/137390
102900/137390
103000/137390
103100/137390
103200/137390
103300/137390
103400/137390
103500/137390
103600/137390
103700/137390
103800/137390
103900/137390
104000/137390
104100/137390
104200/137390
104300/137390
104400/137390
104500/137390
104600/137390
104700/137390
104800/137390
104900/137390
105000/137390
105100/137390
105200/137390
105300/137390
105400/137390
105500/137390
105600/137390
105700/137390
105800/137390
105900/137390
106000/137390
106100/137390
106200/137390
106300/137390
106400/137390
106500/137390
106600/137390
106700/137390
106800/137390
106900/137390
107000/137390
107100/137390
107200/137390
107300/137390
107400/137390
107500/137390
107600/137390
107700/137390
107800/137390
107900/137390
108000/137390
108100/137390
108200/137390
108300/137390
108400/137390
108500/137390
108600/137390
108700/137390
108800/137390
108900/137390
109000/137390
109100/137390
109200/137390
109300/137390
109400/137390
109500/137390
109600/137390
109700/137390
109800/137390
109900/137390
110000/137390
110100/137390
110200/137390
110300/137390
110400/137390
110500/137390
110600/137390
110700/137390
110800/137390
110900/137390
111000/137390
111100/137390
111200/137390
111300/137390
111400/137390
111500/137390
111600/137390
111700/137390
111800/137390
111900/137390
112000/137390
112100/137390
112200/137390
112300/137390
112400/137390
112500/137390
112600/137390
112700/137390
112800/137390
112900/137390
113000/137390
113100/137390
113200/137390
113300/137390
113400/137390
113500/137390
113600/137390
113700/137390
113800/137390
113900/137390
114000/137390
114100/137390
114200/137390
114300/137390
114400/137390
114500/137390
114600/137390
114700/137390
114800/137390
114900/137390
115000/137390
115100/137390
115200/137390
115300/137390
115400/137390
115500/137390
115600/137390
115700/137390
115800/137390
115900/137390
116000/137390
116100/137390
116200/137390
116300/137390
116400/137390
116500/137390
116600/137390
116700/137390
116800/137390
116900/137390
117000/137390
117100/137390
117200/137390
117300/137390
117400/137390
117500/137390
117600/137390
117700/137390
117800/137390
117900/137390
118000/137390
118100/137390
118200/137390
118300/137390
118400/137390
118500/137390
118600/137390
118700/137390
118800/137390
118900/137390
119000/137390
119100/137390
119200/137390
119300/137390
119400/137390
119500/137390
119600/137390
119700/137390
119800/137390
119900/137390
120000/137390
120100/137390
120200/137390
120300/137390
120400/137390
120500/137390
120600/137390
120700/137390
120800/137390
120900/137390
121000/137390
121100/137390
121200/137390
121300/137390
121400/137390
121500/137390
121600/137390
121700/137390
121800/137390
121900/137390
122000/137390
122100/137390
122200/137390
122300/137390
122400/137390
122500/137390
122600/137390
122700/137390
122800/137390
122900/137390
123000/137390
123100/137390
123200/137390
123300/137390
123400/137390
123500/137390
123600/137390
123700/137390
123800/137390
123900/137390
124000/137390
124100/137390
124200/137390
124300/137390
124400/137390
124500/137390
124600/137390
124700/137390
124800/137390
124900/137390
125000/137390
125100/137390
125200/137390
125300/137390
125400/137390
125500/137390
125600/137390
125700/137390
125800/137390
125900/137390
126000/137390
126100/137390
126200/137390
126300/137390
126400/137390
126500/137390
126600/137390
126700/137390
126800/137390
126900/137390
127000/137390
127100/137390
127200/137390
127300/137390
127400/137390
127500/137390
127600/137390
127700/137390
127800/137390
127900/137390
128000/137390
128100/137390
128200/137390
128300/137390
128400/137390
128500/137390
128600/137390
128700/137390
128800/137390
128900/137390
129000/137390
129100/137390
129200/137390
129300/137390
129400/137390
129500/137390
129600/137390
129700/137390
129800/137390
129900/137390
130000/137390
130100/137390
130200/137390
130300/137390
130400/137390
130500/137390
130600/137390
130700/137390
130800/137390
130900/137390
131000/137390
131100/137390
131200/137390
131300/137390
131400/137390
131500/137390
131600/137390
131700/137390
131800/137390
131900/137390
132000/137390
132100/137390
132200/137390
132300/137390
132400/137390
132500/137390
132600/137390
132700/137390
132800/137390
132900/137390
133000/137390
133100/137390
133200/137390
133300/137390
133400/137390
133500/137390
133600/137390
133700/137390
133800/137390
133900/137390
134000/137390
134100/137390
134200/137390
134300/137390
134400/137390
134500/137390
134600/137390
134700/137390
134800/137390
134900/137390
135000/137390
135100/137390
135200/137390
135300/137390
135400/137390
135500/137390
135600/137390
135700/137390
135800/137390
135900/137390
136000/137390
136100/137390
136200/137390
136300/137390
136400/137390
136500/137390
136600/137390
136700/137390
136800/137390
136900/137390
137000/137390
137100/137390
137200/137390
137300/137390
dumping...
ok
6.83user 0.32system 0:07.20elapsed 99%CPU (0avgtext+0avgdata 459800maxresident)k
16inputs+74256outputs (0major+111179minor)pagefaults 0swaps
time python3 -u ../4_make_dictionary.py tmp/tokenized.msgpack tmp/dictionary.msgpack
infile  = tmp/tokenized.msgpack
outfile = tmp/dictionary.msgpack
loading...
processing...
0/137390
1000/137390
2000/137390
3000/137390
4000/137390
5000/137390
6000/137390
7000/137390
8000/137390
9000/137390
10000/137390
11000/137390
12000/137390
13000/137390
14000/137390
15000/137390
16000/137390
17000/137390
18000/137390
19000/137390
20000/137390
21000/137390
22000/137390
23000/137390
24000/137390
25000/137390
26000/137390
27000/137390
28000/137390
29000/137390
30000/137390
31000/137390
32000/137390
33000/137390
34000/137390
35000/137390
36000/137390
37000/137390
38000/137390
39000/137390
40000/137390
41000/137390
42000/137390
43000/137390
44000/137390
45000/137390
46000/137390
47000/137390
48000/137390
49000/137390
50000/137390
51000/137390
52000/137390
53000/137390
54000/137390
55000/137390
56000/137390
57000/137390
58000/137390
59000/137390
60000/137390
61000/137390
62000/137390
63000/137390
64000/137390
65000/137390
66000/137390
67000/137390
68000/137390
69000/137390
70000/137390
71000/137390
72000/137390
73000/137390
74000/137390
75000/137390
76000/137390
77000/137390
78000/137390
79000/137390
80000/137390
81000/137390
82000/137390
83000/137390
84000/137390
85000/137390
86000/137390
87000/137390
88000/137390
89000/137390
90000/137390
91000/137390
92000/137390
93000/137390
94000/137390
95000/137390
96000/137390
97000/137390
98000/137390
99000/137390
100000/137390
101000/137390
102000/137390
103000/137390
104000/137390
105000/137390
106000/137390
107000/137390
108000/137390
109000/137390
110000/137390
111000/137390
112000/137390
113000/137390
114000/137390
115000/137390
116000/137390
117000/137390
118000/137390
119000/137390
120000/137390
121000/137390
122000/137390
123000/137390
124000/137390
125000/137390
126000/137390
127000/137390
128000/137390
129000/137390
130000/137390
131000/137390
132000/137390
133000/137390
134000/137390
135000/137390
136000/137390
137000/137390
dictionary.terms = 95537
dumping...
5.52user 0.34system 0:06.02elapsed 97%CPU (0avgtext+0avgdata 421332maxresident)k
0inputs+1736outputs (0major+124187minor)pagefaults 0swaps
time python3 -u ../5_vectorize.py tmp/dictionary.msgpack tmp/tokenized.msgpack tmp/vectorized.msgpack
dictfile = tmp/dictionary.msgpack
infile   = tmp/tokenized.msgpack
outfile  = tmp/vectorized.msgpack
loading...
dictionary.terms = 95537
in_records.len   = 137390
processing...
0/137390
1000/137390
2000/137390
3000/137390
4000/137390
5000/137390
6000/137390
7000/137390
8000/137390
9000/137390
10000/137390
11000/137390
12000/137390
13000/137390
14000/137390
15000/137390
16000/137390
17000/137390
18000/137390
19000/137390
20000/137390
21000/137390
22000/137390
23000/137390
24000/137390
25000/137390
26000/137390
27000/137390
28000/137390
29000/137390
30000/137390
31000/137390
32000/137390
33000/137390
34000/137390
35000/137390
36000/137390
37000/137390
38000/137390
39000/137390
40000/137390
41000/137390
42000/137390
43000/137390
44000/137390
45000/137390
46000/137390
47000/137390
48000/137390
49000/137390
50000/137390
51000/137390
52000/137390
53000/137390
54000/137390
55000/137390
56000/137390
57000/137390
58000/137390
59000/137390
60000/137390
61000/137390
62000/137390
63000/137390
64000/137390
65000/137390
66000/137390
67000/137390
68000/137390
69000/137390
70000/137390
71000/137390
72000/137390
73000/137390
74000/137390
75000/137390
76000/137390
77000/137390
78000/137390
79000/137390
80000/137390
81000/137390
82000/137390
83000/137390
84000/137390
85000/137390
86000/137390
87000/137390
88000/137390
89000/137390
90000/137390
91000/137390
92000/137390
93000/137390
94000/137390
95000/137390
96000/137390
97000/137390
98000/137390
99000/137390
100000/137390
101000/137390
102000/137390
103000/137390
104000/137390
105000/137390
106000/137390
107000/137390
108000/137390
109000/137390
110000/137390
111000/137390
112000/137390
113000/137390
114000/137390
115000/137390
116000/137390
117000/137390
118000/137390
119000/137390
120000/137390
121000/137390
122000/137390
123000/137390
124000/137390
125000/137390
126000/137390
127000/137390
128000/137390
129000/137390
130000/137390
131000/137390
132000/137390
133000/137390
134000/137390
135000/137390
136000/137390
137000/137390
dumping...
ok
8.08user 0.40system 0:09.19elapsed 92%CPU (0avgtext+0avgdata 503444maxresident)k
0inputs+87024outputs (0major+136063minor)pagefaults 0swaps
time python3 -u ../6_sample.py tmp/vectorized.msgpack tmp/test.msgpack tmp/train.msgpack
infile    = tmp/vectorized.msgpack
testfile  = tmp/test.msgpack
trainfile = tmp/train.msgpack
loading...
rail_records.len  = 6321
other_records.len = 131069
test_records.len  = 2000
train_records.len = 135390
dumping...
3.68user 0.29system 0:04.14elapsed 96%CPU (0avgtext+0avgdata 521532maxresident)k
0inputs+87032outputs (0major+140301minor)pagefaults 0swaps
25.54user 1.48system 0:28.22elapsed 95%CPU (0avgtext+0avgdata 521532maxresident)k
16inputs+292120outputs (0major+550705minor)pagefaults 0swaps
2016年  2月 26日 金曜日 17:09:00 JST
